<?xml version="1.0" ?>
<!DOCTYPE coverage SYSTEM "http://cobertura.sourceforge.net/xml/coverage-04.dtd">
<coverage lines-valid="14" lines-covered="14" line-rate="1" branches-valid="7" branches-covered="7" branch-rate="1" timestamp="1641982904158" complexity="0" version="0.1">
  <sources>
    <source>C:\Users\claud\Documents\Code\ts-toolbox</source>
  </sources>
  <packages>
    <package name="main" line-rate="1" branch-rate="1">
      <classes>
        <class name="createDownloadLink.ts" filename="src\createDownloadLink.ts" line-rate="1" branch-rate="1">
          <methods>
            <method name="(anonymous_0)" hits="2" signature="()V">
              <lines>
                <line number="8" hits="2"/>
              </lines>
            </method>
          </methods>
          <lines>
            <line number="8" hits="1" branch="true" condition-coverage="100% (1/1)"/>
            <line number="9" hits="2" branch="false"/>
            <line number="10" hits="2" branch="false"/>
            <line number="11" hits="2" branch="false"/>
            <line number="12" hits="2" branch="false"/>
            <line number="13" hits="2" branch="false"/>
            <line number="14" hits="2" branch="true" condition-coverage="100% (2/2)"/>
            <line number="15" hits="1" branch="false"/>
          </lines>
        </class>
        <class name="removeEmptyProperties.ts" filename="src\removeEmptyProperties.ts" line-rate="1" branch-rate="1">
          <methods>
            <method name="(anonymous_0)" hits="2" signature="()V">
              <lines>
                <line number="7" hits="2"/>
              </lines>
            </method>
            <method name="(anonymous_1)" hits="7" signature="()V">
              <lines>
                <line number="10" hits="7"/>
              </lines>
            </method>
            <method name="(anonymous_2)" hits="5" signature="()V">
              <lines>
                <line number="17" hits="5"/>
              </lines>
            </method>
          </methods>
          <lines>
            <line number="7" hits="1" branch="false"/>
            <line number="8" hits="2" branch="false"/>
            <line number="11" hits="7" branch="true" condition-coverage="100% (2/2)"/>
            <line number="12" hits="4" branch="false"/>
            <line number="15" hits="3" branch="false"/>
            <line number="17" hits="5" branch="true" condition-coverage="100% (2/2)"/>
          </lines>
        </class>
      </classes>
    </package>
  </packages>
</coverage>
