{"C:\\Users\\claud\\Documents\\Code\\ts-toolbox\\src\\createDownloadLink.ts": {"path":"C:\\Users\\claud\\Documents\\Code\\ts-toolbox\\src\\createDownloadLink.ts","statementMap":{"0":{"start":{"line":8,"column":27},"end":{"line":17,"column":1}},"1":{"start":{"line":9,"column":34},"end":{"line":9,"column":61}},"2":{"start":{"line":10,"column":2},"end":{"line":10,"column":19}},"3":{"start":{"line":11,"column":2},"end":{"line":11,"column":23}},"4":{"start":{"line":12,"column":2},"end":{"line":12,"column":34}},"5":{"start":{"line":13,"column":2},"end":{"line":13,"column":15}},"6":{"start":{"line":14,"column":2},"end":{"line":16,"column":3}},"7":{"start":{"line":15,"column":4},"end":{"line":15,"column":36}}},"fnMap":{"0":{"name":"(anonymous_0)","decl":{"start":{"line":8,"column":27},"end":{"line":8,"column":28}},"loc":{"start":{"line":8,"column":93},"end":{"line":17,"column":1}},"line":8}},"branchMap":{"0":{"loc":{"start":{"line":8,"column":56},"end":{"line":8,"column":82}},"type":"default-arg","locations":[{"start":{"line":8,"column":78},"end":{"line":8,"column":82}}],"line":8},"1":{"loc":{"start":{"line":14,"column":2},"end":{"line":16,"column":3}},"type":"if","locations":[{"start":{"line":14,"column":2},"end":{"line":16,"column":3}},{"start":{},"end":{}}],"line":14}},"s":{"0":1,"1":2,"2":2,"3":2,"4":2,"5":2,"6":2,"7":1},"f":{"0":2},"b":{"0":[1],"1":[1,1]},"_coverageSchema":"1a1c01bbd47fc00a2c39e90264f33305004495a9","hash":"1fa7dcc8e9df69a6b09a0017ef4c812274abffc1"}
,"C:\\Users\\claud\\Documents\\Code\\ts-toolbox\\src\\removeEmptyProperties.ts": {"path":"C:\\Users\\claud\\Documents\\Code\\ts-toolbox\\src\\removeEmptyProperties.ts","statementMap":{"0":{"start":{"line":7,"column":30},"end":{"line":18,"column":3}},"1":{"start":{"line":8,"column":2},"end":{"line":18,"column":3}},"2":{"start":{"line":11,"column":8},"end":{"line":13,"column":9}},"3":{"start":{"line":12,"column":10},"end":{"line":12,"column":34}},"4":{"start":{"line":15,"column":8},"end":{"line":15,"column":30}},"5":{"start":{"line":17,"column":30},"end":{"line":17,"column":108}}},"fnMap":{"0":{"name":"(anonymous_0)","decl":{"start":{"line":7,"column":30},"end":{"line":7,"column":31}},"loc":{"start":{"line":8,"column":2},"end":{"line":18,"column":3}},"line":8},"1":{"name":"(anonymous_1)","decl":{"start":{"line":10,"column":14},"end":{"line":10,"column":15}},"loc":{"start":{"line":10,"column":32},"end":{"line":16,"column":7}},"line":10},"2":{"name":"(anonymous_2)","decl":{"start":{"line":17,"column":11},"end":{"line":17,"column":12}},"loc":{"start":{"line":17,"column":30},"end":{"line":17,"column":108}},"line":17}},"branchMap":{"0":{"loc":{"start":{"line":11,"column":8},"end":{"line":13,"column":9}},"type":"if","locations":[{"start":{"line":11,"column":8},"end":{"line":13,"column":9}},{"start":{},"end":{}}],"line":11},"1":{"loc":{"start":{"line":17,"column":30},"end":{"line":17,"column":108}},"type":"cond-expr","locations":[{"start":{"line":17,"column":58},"end":{"line":17,"column":93}},{"start":{"line":17,"column":96},"end":{"line":17,"column":108}}],"line":17}},"s":{"0":1,"1":2,"2":7,"3":4,"4":3,"5":5},"f":{"0":2,"1":7,"2":5},"b":{"0":[4,3],"1":[1,4]},"_coverageSchema":"1a1c01bbd47fc00a2c39e90264f33305004495a9","hash":"d409e0c6af15cbdb5c1c31215218ab850e51d56e"}
}
